[2020-07-12 08:02:55] (ERROR in xPDO::getService @ /home/e/e5ash/e5ash.net/public_html/core/xpdo/xpdo.class.php : 1234) modRestClient::__construct is deprecated since version 2.3.0. Use the modRest classes instead.
[2020-07-12 08:02:55] (ERROR in modRestCurlClient::__construct @ /home/e/e5ash/e5ash.net/public_html/core/model/modx/rest/modrestcurlclient.class.php : 26) modRestClient::__construct is deprecated since version 2.3.0. Use the modRest classes instead.
[2020-07-12 08:02:55] (ERROR in xPDO::getService @ /home/e/e5ash/e5ash.net/public_html/core/xpdo/xpdo.class.php : 1234) modRestClient::__construct is deprecated since version 2.3.0. Use the modRest classes instead.
[2020-07-12 08:02:55] (ERROR in modRestCurlClient::__construct @ /home/e/e5ash/e5ash.net/public_html/core/model/modx/rest/modrestcurlclient.class.php : 26) modRestClient::__construct is deprecated since version 2.3.0. Use the modRest classes instead.
[2020-07-12 08:02:57] (ERROR in xPDO::getService @ /home/e/e5ash/e5ash.net/public_html/core/xpdo/xpdo.class.php : 1234) modRestClient::__construct is deprecated since version 2.3.0. Use the modRest classes instead.
[2020-07-12 08:02:57] (ERROR in modRestCurlClient::__construct @ /home/e/e5ash/e5ash.net/public_html/core/model/modx/rest/modrestcurlclient.class.php : 26) modRestClient::__construct is deprecated since version 2.3.0. Use the modRest classes instead.
[2020-07-12 08:02:57] (ERROR in xPDO::getService @ /home/e/e5ash/e5ash.net/public_html/core/xpdo/xpdo.class.php : 1234) modRestClient::__construct is deprecated since version 2.3.0. Use the modRest classes instead.
[2020-07-12 08:02:57] (ERROR in modRestCurlClient::__construct @ /home/e/e5ash/e5ash.net/public_html/core/model/modx/rest/modrestcurlclient.class.php : 26) modRestClient::__construct is deprecated since version 2.3.0. Use the modRest classes instead.
[2020-07-12 08:03:20] (ERROR in xPDO::getService @ /home/e/e5ash/e5ash.net/public_html/core/xpdo/xpdo.class.php : 1234) modRestClient::__construct is deprecated since version 2.3.0. Use the modRest classes instead.
[2020-07-12 08:03:20] (ERROR in modRestCurlClient::__construct @ /home/e/e5ash/e5ash.net/public_html/core/model/modx/rest/modrestcurlclient.class.php : 26) modRestClient::__construct is deprecated since version 2.3.0. Use the modRest classes instead.
[2020-07-12 08:03:23] (ERROR in xPDO::getService @ /home/e/e5ash/e5ash.net/public_html/core/xpdo/xpdo.class.php : 1234) modRestClient::__construct is deprecated since version 2.3.0. Use the modRest classes instead.
[2020-07-12 08:03:23] (ERROR in modRestCurlClient::__construct @ /home/e/e5ash/e5ash.net/public_html/core/model/modx/rest/modrestcurlclient.class.php : 26) modRestClient::__construct is deprecated since version 2.3.0. Use the modRest classes instead.
[2020-07-12 08:03:45] (ERROR in xPDO::getService @ /home/e/e5ash/e5ash.net/public_html/core/xpdo/xpdo.class.php : 1234) modRestClient::__construct is deprecated since version 2.3.0. Use the modRest classes instead.
[2020-07-12 08:03:45] (ERROR in modRestCurlClient::__construct @ /home/e/e5ash/e5ash.net/public_html/core/model/modx/rest/modrestcurlclient.class.php : 26) modRestClient::__construct is deprecated since version 2.3.0. Use the modRest classes instead.
[2020-07-12 08:03:45] (ERROR in xPDO::getService @ /home/e/e5ash/e5ash.net/public_html/core/xpdo/xpdo.class.php : 1234) modRestClient::__construct is deprecated since version 2.3.0. Use the modRest classes instead.
[2020-07-12 08:03:45] (ERROR in modRestCurlClient::__construct @ /home/e/e5ash/e5ash.net/public_html/core/model/modx/rest/modrestcurlclient.class.php : 26) modRestClient::__construct is deprecated since version 2.3.0. Use the modRest classes instead.
[2020-07-12 08:04:05] (ERROR in xPDO::getService @ /home/e/e5ash/e5ash.net/public_html/core/xpdo/xpdo.class.php : 1234) modRestClient::__construct is deprecated since version 2.3.0. Use the modRest classes instead.
[2020-07-12 08:04:05] (ERROR in modRestCurlClient::__construct @ /home/e/e5ash/e5ash.net/public_html/core/model/modx/rest/modrestcurlclient.class.php : 26) modRestClient::__construct is deprecated since version 2.3.0. Use the modRest classes instead.
[2020-07-12 08:04:18] (ERROR in xPDO::getService @ /home/e/e5ash/e5ash.net/public_html/core/xpdo/xpdo.class.php : 1234) modRestClient::__construct is deprecated since version 2.3.0. Use the modRest classes instead.
[2020-07-12 08:04:18] (ERROR in modRestCurlClient::__construct @ /home/e/e5ash/e5ash.net/public_html/core/model/modx/rest/modrestcurlclient.class.php : 26) modRestClient::__construct is deprecated since version 2.3.0. Use the modRest classes instead.
[2020-07-12 08:04:21] (ERROR in xPDO::getService @ /home/e/e5ash/e5ash.net/public_html/core/xpdo/xpdo.class.php : 1234) modRestClient::__construct is deprecated since version 2.3.0. Use the modRest classes instead.
[2020-07-12 08:04:21] (ERROR in modRestCurlClient::__construct @ /home/e/e5ash/e5ash.net/public_html/core/model/modx/rest/modrestcurlclient.class.php : 26) modRestClient::__construct is deprecated since version 2.3.0. Use the modRest classes instead.
[2020-07-12 08:04:25] (ERROR in xPDO::getService @ /home/e/e5ash/e5ash.net/public_html/core/xpdo/xpdo.class.php : 1234) modRestClient::__construct is deprecated since version 2.3.0. Use the modRest classes instead.
[2020-07-12 08:04:25] (ERROR in modRestCurlClient::__construct @ /home/e/e5ash/e5ash.net/public_html/core/model/modx/rest/modrestcurlclient.class.php : 26) modRestClient::__construct is deprecated since version 2.3.0. Use the modRest classes instead.
[2020-07-12 08:04:25] (ERROR in xPDO::getService @ /home/e/e5ash/e5ash.net/public_html/core/xpdo/xpdo.class.php : 1234) modRestClient::__construct is deprecated since version 2.3.0. Use the modRest classes instead.
[2020-07-12 08:04:25] (ERROR in modRestCurlClient::__construct @ /home/e/e5ash/e5ash.net/public_html/core/model/modx/rest/modrestcurlclient.class.php : 26) modRestClient::__construct is deprecated since version 2.3.0. Use the modRest classes instead.
[2020-07-12 08:04:30] (ERROR in xPDO::getService @ /home/e/e5ash/e5ash.net/public_html/core/xpdo/xpdo.class.php : 1234) modRestClient::__construct is deprecated since version 2.3.0. Use the modRest classes instead.
[2020-07-12 08:04:30] (ERROR in modRestCurlClient::__construct @ /home/e/e5ash/e5ash.net/public_html/core/model/modx/rest/modrestcurlclient.class.php : 26) modRestClient::__construct is deprecated since version 2.3.0. Use the modRest classes instead.
[2020-07-12 08:04:33] (ERROR in xPDO::getService @ /home/e/e5ash/e5ash.net/public_html/core/xpdo/xpdo.class.php : 1234) modRestClient::__construct is deprecated since version 2.3.0. Use the modRest classes instead.
[2020-07-12 08:04:33] (ERROR in modRestCurlClient::__construct @ /home/e/e5ash/e5ash.net/public_html/core/model/modx/rest/modrestcurlclient.class.php : 26) modRestClient::__construct is deprecated since version 2.3.0. Use the modRest classes instead.
[2020-07-12 08:04:43] (ERROR in xPDO::getService @ /home/e/e5ash/e5ash.net/public_html/core/xpdo/xpdo.class.php : 1234) modRestClient::__construct is deprecated since version 2.3.0. Use the modRest classes instead.
[2020-07-12 08:04:43] (ERROR in modRestCurlClient::__construct @ /home/e/e5ash/e5ash.net/public_html/core/model/modx/rest/modrestcurlclient.class.php : 26) modRestClient::__construct is deprecated since version 2.3.0. Use the modRest classes instead.
[2020-07-12 08:04:43] (ERROR in xPDO::getService @ /home/e/e5ash/e5ash.net/public_html/core/xpdo/xpdo.class.php : 1234) modRestClient::__construct is deprecated since version 2.3.0. Use the modRest classes instead.
[2020-07-12 08:04:43] (ERROR in modRestCurlClient::__construct @ /home/e/e5ash/e5ash.net/public_html/core/model/modx/rest/modrestcurlclient.class.php : 26) modRestClient::__construct is deprecated since version 2.3.0. Use the modRest classes instead.
[2020-07-12 08:04:50] (ERROR in xPDO::getService @ /home/e/e5ash/e5ash.net/public_html/core/xpdo/xpdo.class.php : 1234) modRestClient::__construct is deprecated since version 2.3.0. Use the modRest classes instead.
[2020-07-12 08:04:50] (ERROR in modRestCurlClient::__construct @ /home/e/e5ash/e5ash.net/public_html/core/model/modx/rest/modrestcurlclient.class.php : 26) modRestClient::__construct is deprecated since version 2.3.0. Use the modRest classes instead.
[2020-07-12 08:04:52] (ERROR in xPDO::getService @ /home/e/e5ash/e5ash.net/public_html/core/xpdo/xpdo.class.php : 1234) modRestClient::__construct is deprecated since version 2.3.0. Use the modRest classes instead.
[2020-07-12 08:04:52] (ERROR in modRestCurlClient::__construct @ /home/e/e5ash/e5ash.net/public_html/core/model/modx/rest/modrestcurlclient.class.php : 26) modRestClient::__construct is deprecated since version 2.3.0. Use the modRest classes instead.
[2020-07-12 08:04:56] (ERROR in xPDO::getService @ /home/e/e5ash/e5ash.net/public_html/core/xpdo/xpdo.class.php : 1234) modRestClient::__construct is deprecated since version 2.3.0. Use the modRest classes instead.
[2020-07-12 08:04:56] (ERROR in modRestCurlClient::__construct @ /home/e/e5ash/e5ash.net/public_html/core/model/modx/rest/modrestcurlclient.class.php : 26) modRestClient::__construct is deprecated since version 2.3.0. Use the modRest classes instead.
[2020-07-12 08:04:56] (ERROR in xPDO::getService @ /home/e/e5ash/e5ash.net/public_html/core/xpdo/xpdo.class.php : 1234) modRestClient::__construct is deprecated since version 2.3.0. Use the modRest classes instead.
[2020-07-12 08:04:56] (ERROR in modRestCurlClient::__construct @ /home/e/e5ash/e5ash.net/public_html/core/model/modx/rest/modrestcurlclient.class.php : 26) modRestClient::__construct is deprecated since version 2.3.0. Use the modRest classes instead.
[2020-07-12 08:08:44] (ERROR in xPDO::getService @ /home/e/e5ash/e5ash.net/public_html/core/xpdo/xpdo.class.php : 1234) modRestClient::__construct is deprecated since version 2.3.0. Use the modRest classes instead.
[2020-07-12 08:08:44] (ERROR in modRestCurlClient::__construct @ /home/e/e5ash/e5ash.net/public_html/core/model/modx/rest/modrestcurlclient.class.php : 26) modRestClient::__construct is deprecated since version 2.3.0. Use the modRest classes instead.
[2020-07-12 08:08:44] (ERROR in xPDO::getService @ /home/e/e5ash/e5ash.net/public_html/core/xpdo/xpdo.class.php : 1234) modRestClient::__construct is deprecated since version 2.3.0. Use the modRest classes instead.
[2020-07-12 08:08:44] (ERROR in modRestCurlClient::__construct @ /home/e/e5ash/e5ash.net/public_html/core/model/modx/rest/modrestcurlclient.class.php : 26) modRestClient::__construct is deprecated since version 2.3.0. Use the modRest classes instead.
[2020-07-12 08:08:47] (ERROR in xPDO::getService @ /home/e/e5ash/e5ash.net/public_html/core/xpdo/xpdo.class.php : 1234) modRestClient::__construct is deprecated since version 2.3.0. Use the modRest classes instead.
[2020-07-12 08:08:47] (ERROR in modRestCurlClient::__construct @ /home/e/e5ash/e5ash.net/public_html/core/model/modx/rest/modrestcurlclient.class.php : 26) modRestClient::__construct is deprecated since version 2.3.0. Use the modRest classes instead.
[2020-07-12 08:08:55] (ERROR in xPDO::getService @ /home/e/e5ash/e5ash.net/public_html/core/xpdo/xpdo.class.php : 1234) modRestClient::__construct is deprecated since version 2.3.0. Use the modRest classes instead.
[2020-07-12 08:08:55] (ERROR in modRestCurlClient::__construct @ /home/e/e5ash/e5ash.net/public_html/core/model/modx/rest/modrestcurlclient.class.php : 26) modRestClient::__construct is deprecated since version 2.3.0. Use the modRest classes instead.
[2020-07-12 08:09:01] (ERROR in xPDO::getService @ /home/e/e5ash/e5ash.net/public_html/core/xpdo/xpdo.class.php : 1234) modRestClient::__construct is deprecated since version 2.3.0. Use the modRest classes instead.
[2020-07-12 08:09:01] (ERROR in modRestCurlClient::__construct @ /home/e/e5ash/e5ash.net/public_html/core/model/modx/rest/modrestcurlclient.class.php : 26) modRestClient::__construct is deprecated since version 2.3.0. Use the modRest classes instead.
[2020-07-12 08:09:11] (ERROR in xPDO::getService @ /home/e/e5ash/e5ash.net/public_html/core/xpdo/xpdo.class.php : 1234) modRestClient::__construct is deprecated since version 2.3.0. Use the modRest classes instead.
[2020-07-12 08:09:11] (ERROR in modRestCurlClient::__construct @ /home/e/e5ash/e5ash.net/public_html/core/model/modx/rest/modrestcurlclient.class.php : 26) modRestClient::__construct is deprecated since version 2.3.0. Use the modRest classes instead.
[2020-07-12 08:09:11] (ERROR in xPDO::getService @ /home/e/e5ash/e5ash.net/public_html/core/xpdo/xpdo.class.php : 1234) modRestClient::__construct is deprecated since version 2.3.0. Use the modRest classes instead.
[2020-07-12 08:09:11] (ERROR in modRestCurlClient::__construct @ /home/e/e5ash/e5ash.net/public_html/core/model/modx/rest/modrestcurlclient.class.php : 26) modRestClient::__construct is deprecated since version 2.3.0. Use the modRest classes instead.
[2020-07-12 08:09:13] (ERROR in xPDO::getService @ /home/e/e5ash/e5ash.net/public_html/core/xpdo/xpdo.class.php : 1234) modRestClient::__construct is deprecated since version 2.3.0. Use the modRest classes instead.
[2020-07-12 08:09:13] (ERROR in modRestCurlClient::__construct @ /home/e/e5ash/e5ash.net/public_html/core/model/modx/rest/modrestcurlclient.class.php : 26) modRestClient::__construct is deprecated since version 2.3.0. Use the modRest classes instead.
[2020-07-12 08:09:13] (ERROR in xPDO::getService @ /home/e/e5ash/e5ash.net/public_html/core/xpdo/xpdo.class.php : 1234) modRestClient::__construct is deprecated since version 2.3.0. Use the modRest classes instead.
[2020-07-12 08:09:13] (ERROR in modRestCurlClient::__construct @ /home/e/e5ash/e5ash.net/public_html/core/model/modx/rest/modrestcurlclient.class.php : 26) modRestClient::__construct is deprecated since version 2.3.0. Use the modRest classes instead.
[2020-07-12 08:09:15] (ERROR in xPDO::getService @ /home/e/e5ash/e5ash.net/public_html/core/xpdo/xpdo.class.php : 1234) modRestClient::__construct is deprecated since version 2.3.0. Use the modRest classes instead.
[2020-07-12 08:09:15] (ERROR in modRestCurlClient::__construct @ /home/e/e5ash/e5ash.net/public_html/core/model/modx/rest/modrestcurlclient.class.php : 26) modRestClient::__construct is deprecated since version 2.3.0. Use the modRest classes instead.
[2020-07-12 08:09:18] (ERROR in xPDO::getService @ /home/e/e5ash/e5ash.net/public_html/core/xpdo/xpdo.class.php : 1234) modRestClient::__construct is deprecated since version 2.3.0. Use the modRest classes instead.
[2020-07-12 08:09:18] (ERROR in modRestCurlClient::__construct @ /home/e/e5ash/e5ash.net/public_html/core/model/modx/rest/modrestcurlclient.class.php : 26) modRestClient::__construct is deprecated since version 2.3.0. Use the modRest classes instead.
[2020-07-12 08:09:34] (ERROR in xPDO::getService @ /home/e/e5ash/e5ash.net/public_html/core/xpdo/xpdo.class.php : 1234) modRestClient::__construct is deprecated since version 2.3.0. Use the modRest classes instead.
[2020-07-12 08:09:34] (ERROR in modRestCurlClient::__construct @ /home/e/e5ash/e5ash.net/public_html/core/model/modx/rest/modrestcurlclient.class.php : 26) modRestClient::__construct is deprecated since version 2.3.0. Use the modRest classes instead.
[2020-07-12 08:09:34] (ERROR in xPDO::getService @ /home/e/e5ash/e5ash.net/public_html/core/xpdo/xpdo.class.php : 1234) modRestClient::__construct is deprecated since version 2.3.0. Use the modRest classes instead.
[2020-07-12 08:09:34] (ERROR in modRestCurlClient::__construct @ /home/e/e5ash/e5ash.net/public_html/core/model/modx/rest/modrestcurlclient.class.php : 26) modRestClient::__construct is deprecated since version 2.3.0. Use the modRest classes instead.
[2020-07-12 08:11:32] (ERROR in xPDO::getService @ /home/e/e5ash/e5ash.net/public_html/core/xpdo/xpdo.class.php : 1234) modRestClient::__construct is deprecated since version 2.3.0. Use the modRest classes instead.
[2020-07-12 08:11:32] (ERROR in modRestCurlClient::__construct @ /home/e/e5ash/e5ash.net/public_html/core/model/modx/rest/modrestcurlclient.class.php : 26) modRestClient::__construct is deprecated since version 2.3.0. Use the modRest classes instead.
[2020-07-12 08:11:32] (ERROR in xPDO::getService @ /home/e/e5ash/e5ash.net/public_html/core/xpdo/xpdo.class.php : 1234) modRestClient::__construct is deprecated since version 2.3.0. Use the modRest classes instead.
[2020-07-12 08:11:32] (ERROR in modRestCurlClient::__construct @ /home/e/e5ash/e5ash.net/public_html/core/model/modx/rest/modrestcurlclient.class.php : 26) modRestClient::__construct is deprecated since version 2.3.0. Use the modRest classes instead.
[2020-07-12 08:11:35] (ERROR in xPDO::getService @ /home/e/e5ash/e5ash.net/public_html/core/xpdo/xpdo.class.php : 1234) modRestClient::__construct is deprecated since version 2.3.0. Use the modRest classes instead.
[2020-07-12 08:11:35] (ERROR in modRestCurlClient::__construct @ /home/e/e5ash/e5ash.net/public_html/core/model/modx/rest/modrestcurlclient.class.php : 26) modRestClient::__construct is deprecated since version 2.3.0. Use the modRest classes instead.
[2020-07-12 08:32:55] (ERROR @ /home/e/e5ash/e5ash.net/public_html/core/model/modx/modparser.class.php : 541) Could not find snippet with name pdoPage.
[2020-07-12 08:32:55] (ERROR @ /home/e/e5ash/e5ash.net/public_html/core/model/modx/modparser.class.php : 541) Could not find snippet with name pdoPage.
[2020-07-12 08:32:55] (ERROR @ /home/e/e5ash/e5ash.net/public_html/core/model/modx/modparser.class.php : 541) Could not find snippet with name pdoPage.
[2020-07-12 08:32:56] (ERROR @ /home/e/e5ash/e5ash.net/public_html/core/model/modx/modparser.class.php : 541) Could not find snippet with name pdoPage.
[2020-07-12 08:32:56] (ERROR @ /home/e/e5ash/e5ash.net/public_html/core/model/modx/modparser.class.php : 541) Could not find snippet with name pdoPage.
[2020-07-12 08:32:56] (ERROR @ /home/e/e5ash/e5ash.net/public_html/core/model/modx/modparser.class.php : 541) Could not find snippet with name pdoPage.
[2020-07-12 08:33:02] (ERROR @ /home/e/e5ash/e5ash.net/public_html/core/model/modx/modparser.class.php : 541) Could not find snippet with name pdoPage.
[2020-07-12 08:33:02] (ERROR @ /home/e/e5ash/e5ash.net/public_html/core/model/modx/modparser.class.php : 541) Could not find snippet with name pdoPage.
[2020-07-12 08:33:02] (ERROR @ /home/e/e5ash/e5ash.net/public_html/core/model/modx/modparser.class.php : 541) Could not find snippet with name pdoPage.
[2020-07-12 08:33:10] (ERROR @ /home/e/e5ash/e5ash.net/public_html/core/model/modx/modparser.class.php : 541) Could not find snippet with name pdoPage.
[2020-07-12 08:33:10] (ERROR @ /home/e/e5ash/e5ash.net/public_html/core/model/modx/modparser.class.php : 541) Could not find snippet with name pdoPage.
[2020-07-12 08:33:10] (ERROR @ /home/e/e5ash/e5ash.net/public_html/core/model/modx/modparser.class.php : 541) Could not find snippet with name pdoPage.
[2020-07-12 08:33:11] (ERROR @ /home/e/e5ash/e5ash.net/public_html/core/model/modx/modparser.class.php : 541) Could not find snippet with name pdoPage.
[2020-07-12 08:33:11] (ERROR @ /home/e/e5ash/e5ash.net/public_html/core/model/modx/modparser.class.php : 541) Could not find snippet with name pdoPage.
[2020-07-12 08:33:11] (ERROR @ /home/e/e5ash/e5ash.net/public_html/core/model/modx/modparser.class.php : 541) Could not find snippet with name pdoPage.
[2020-07-12 08:33:32] (ERROR @ /home/e/e5ash/e5ash.net/public_html/core/model/modx/modparser.class.php : 541) Could not find snippet with name pdoPage.
[2020-07-12 08:33:32] (ERROR @ /home/e/e5ash/e5ash.net/public_html/core/model/modx/modparser.class.php : 541) Could not find snippet with name pdoPage.
[2020-07-12 08:33:32] (ERROR @ /home/e/e5ash/e5ash.net/public_html/core/model/modx/modparser.class.php : 541) Could not find snippet with name pdoPage.
[2020-07-12 08:33:33] (ERROR @ /home/e/e5ash/e5ash.net/public_html/core/model/modx/modparser.class.php : 541) Could not find snippet with name pdoPage.
[2020-07-12 08:33:33] (ERROR @ /home/e/e5ash/e5ash.net/public_html/core/model/modx/modparser.class.php : 541) Could not find snippet with name pdoPage.
[2020-07-12 08:33:33] (ERROR @ /home/e/e5ash/e5ash.net/public_html/core/model/modx/modparser.class.php : 541) Could not find snippet with name pdoPage.
[2020-07-12 08:34:04] (ERROR in xPDO::getService @ /home/e/e5ash/e5ash.net/public_html/core/xpdo/xpdo.class.php : 1234) modRestClient::__construct is deprecated since version 2.3.0. Use the modRest classes instead.
[2020-07-12 08:34:04] (ERROR in modRestCurlClient::__construct @ /home/e/e5ash/e5ash.net/public_html/core/model/modx/rest/modrestcurlclient.class.php : 26) modRestClient::__construct is deprecated since version 2.3.0. Use the modRest classes instead.
[2020-07-12 08:34:04] (ERROR in xPDO::getService @ /home/e/e5ash/e5ash.net/public_html/core/xpdo/xpdo.class.php : 1234) modRestClient::__construct is deprecated since version 2.3.0. Use the modRest classes instead.
[2020-07-12 08:34:04] (ERROR in modRestCurlClient::__construct @ /home/e/e5ash/e5ash.net/public_html/core/model/modx/rest/modrestcurlclient.class.php : 26) modRestClient::__construct is deprecated since version 2.3.0. Use the modRest classes instead.
[2020-07-12 08:34:04] (ERROR in xPDO::getService @ /home/e/e5ash/e5ash.net/public_html/core/xpdo/xpdo.class.php : 1234) modRestClient::__construct is deprecated since version 2.3.0. Use the modRest classes instead.
[2020-07-12 08:34:04] (ERROR in modRestCurlClient::__construct @ /home/e/e5ash/e5ash.net/public_html/core/model/modx/rest/modrestcurlclient.class.php : 26) modRestClient::__construct is deprecated since version 2.3.0. Use the modRest classes instead.
[2020-07-12 08:34:09] (ERROR in xPDO::getService @ /home/e/e5ash/e5ash.net/public_html/core/xpdo/xpdo.class.php : 1234) modRestClient::__construct is deprecated since version 2.3.0. Use the modRest classes instead.
[2020-07-12 08:34:09] (ERROR in modRestCurlClient::__construct @ /home/e/e5ash/e5ash.net/public_html/core/model/modx/rest/modrestcurlclient.class.php : 26) modRestClient::__construct is deprecated since version 2.3.0. Use the modRest classes instead.
[2020-07-12 08:34:09] (ERROR in xPDO::getService @ /home/e/e5ash/e5ash.net/public_html/core/xpdo/xpdo.class.php : 1234) modRestClient::__construct is deprecated since version 2.3.0. Use the modRest classes instead.
[2020-07-12 08:34:09] (ERROR in modRestCurlClient::__construct @ /home/e/e5ash/e5ash.net/public_html/core/model/modx/rest/modrestcurlclient.class.php : 26) modRestClient::__construct is deprecated since version 2.3.0. Use the modRest classes instead.
[2020-07-12 08:34:12] (ERROR in xPDO::getService @ /home/e/e5ash/e5ash.net/public_html/core/xpdo/xpdo.class.php : 1234) modRestClient::__construct is deprecated since version 2.3.0. Use the modRest classes instead.
[2020-07-12 08:34:12] (ERROR in modRestCurlClient::__construct @ /home/e/e5ash/e5ash.net/public_html/core/model/modx/rest/modrestcurlclient.class.php : 26) modRestClient::__construct is deprecated since version 2.3.0. Use the modRest classes instead.
[2020-07-12 08:34:14] (ERROR in xPDO::getService @ /home/e/e5ash/e5ash.net/public_html/core/xpdo/xpdo.class.php : 1234) modRestClient::__construct is deprecated since version 2.3.0. Use the modRest classes instead.
[2020-07-12 08:34:14] (ERROR in modRestCurlClient::__construct @ /home/e/e5ash/e5ash.net/public_html/core/model/modx/rest/modrestcurlclient.class.php : 26) modRestClient::__construct is deprecated since version 2.3.0. Use the modRest classes instead.
[2020-07-12 08:34:24] (ERROR in xPDO::getService @ /home/e/e5ash/e5ash.net/public_html/core/xpdo/xpdo.class.php : 1234) modRestClient::__construct is deprecated since version 2.3.0. Use the modRest classes instead.
[2020-07-12 08:34:24] (ERROR in modRestCurlClient::__construct @ /home/e/e5ash/e5ash.net/public_html/core/model/modx/rest/modrestcurlclient.class.php : 26) modRestClient::__construct is deprecated since version 2.3.0. Use the modRest classes instead.
[2020-07-12 08:34:24] (ERROR in xPDO::getService @ /home/e/e5ash/e5ash.net/public_html/core/xpdo/xpdo.class.php : 1234) modRestClient::__construct is deprecated since version 2.3.0. Use the modRest classes instead.
[2020-07-12 08:34:24] (ERROR in modRestCurlClient::__construct @ /home/e/e5ash/e5ash.net/public_html/core/model/modx/rest/modrestcurlclient.class.php : 26) modRestClient::__construct is deprecated since version 2.3.0. Use the modRest classes instead.
[2020-07-12 08:34:30] (ERROR in xPDO::getService @ /home/e/e5ash/e5ash.net/public_html/core/xpdo/xpdo.class.php : 1234) modRestClient::__construct is deprecated since version 2.3.0. Use the modRest classes instead.
[2020-07-12 08:34:30] (ERROR in modRestCurlClient::__construct @ /home/e/e5ash/e5ash.net/public_html/core/model/modx/rest/modrestcurlclient.class.php : 26) modRestClient::__construct is deprecated since version 2.3.0. Use the modRest classes instead.
[2020-07-12 08:37:17] (ERROR in xPDO::getService @ /home/e/e5ash/e5ash.net/public_html/core/xpdo/xpdo.class.php : 1234) modRestClient::__construct is deprecated since version 2.3.0. Use the modRest classes instead.
[2020-07-12 08:37:17] (ERROR in modRestCurlClient::__construct @ /home/e/e5ash/e5ash.net/public_html/core/model/modx/rest/modrestcurlclient.class.php : 26) modRestClient::__construct is deprecated since version 2.3.0. Use the modRest classes instead.
[2020-07-12 08:37:17] (ERROR in xPDO::getService @ /home/e/e5ash/e5ash.net/public_html/core/xpdo/xpdo.class.php : 1234) modRestClient::__construct is deprecated since version 2.3.0. Use the modRest classes instead.
[2020-07-12 08:37:17] (ERROR in modRestCurlClient::__construct @ /home/e/e5ash/e5ash.net/public_html/core/model/modx/rest/modrestcurlclient.class.php : 26) modRestClient::__construct is deprecated since version 2.3.0. Use the modRest classes instead.
[2020-07-12 08:37:18] (ERROR in xPDO::getService @ /home/e/e5ash/e5ash.net/public_html/core/xpdo/xpdo.class.php : 1234) modRestClient::__construct is deprecated since version 2.3.0. Use the modRest classes instead.
[2020-07-12 08:37:18] (ERROR in modRestCurlClient::__construct @ /home/e/e5ash/e5ash.net/public_html/core/model/modx/rest/modrestcurlclient.class.php : 26) modRestClient::__construct is deprecated since version 2.3.0. Use the modRest classes instead.
[2020-07-12 08:37:18] (ERROR in xPDO::getService @ /home/e/e5ash/e5ash.net/public_html/core/xpdo/xpdo.class.php : 1234) modRestClient::__construct is deprecated since version 2.3.0. Use the modRest classes instead.
[2020-07-12 08:37:18] (ERROR in modRestCurlClient::__construct @ /home/e/e5ash/e5ash.net/public_html/core/model/modx/rest/modrestcurlclient.class.php : 26) modRestClient::__construct is deprecated since version 2.3.0. Use the modRest classes instead.
[2020-07-12 08:37:23] (ERROR in xPDO::getService @ /home/e/e5ash/e5ash.net/public_html/core/xpdo/xpdo.class.php : 1234) modRestClient::__construct is deprecated since version 2.3.0. Use the modRest classes instead.
[2020-07-12 08:37:23] (ERROR in modRestCurlClient::__construct @ /home/e/e5ash/e5ash.net/public_html/core/model/modx/rest/modrestcurlclient.class.php : 26) modRestClient::__construct is deprecated since version 2.3.0. Use the modRest classes instead.
[2020-07-12 08:37:25] (ERROR in xPDO::getService @ /home/e/e5ash/e5ash.net/public_html/core/xpdo/xpdo.class.php : 1234) modRestClient::__construct is deprecated since version 2.3.0. Use the modRest classes instead.
[2020-07-12 08:37:25] (ERROR in modRestCurlClient::__construct @ /home/e/e5ash/e5ash.net/public_html/core/model/modx/rest/modrestcurlclient.class.php : 26) modRestClient::__construct is deprecated since version 2.3.0. Use the modRest classes instead.
[2020-07-12 08:37:34] (ERROR in xPDO::getService @ /home/e/e5ash/e5ash.net/public_html/core/xpdo/xpdo.class.php : 1234) modRestClient::__construct is deprecated since version 2.3.0. Use the modRest classes instead.
[2020-07-12 08:37:34] (ERROR in modRestCurlClient::__construct @ /home/e/e5ash/e5ash.net/public_html/core/model/modx/rest/modrestcurlclient.class.php : 26) modRestClient::__construct is deprecated since version 2.3.0. Use the modRest classes instead.
[2020-07-12 08:37:35] (ERROR in xPDO::getService @ /home/e/e5ash/e5ash.net/public_html/core/xpdo/xpdo.class.php : 1234) modRestClient::__construct is deprecated since version 2.3.0. Use the modRest classes instead.
[2020-07-12 08:37:35] (ERROR in modRestCurlClient::__construct @ /home/e/e5ash/e5ash.net/public_html/core/model/modx/rest/modrestcurlclient.class.php : 26) modRestClient::__construct is deprecated since version 2.3.0. Use the modRest classes instead.
[2020-07-12 08:37:40] (ERROR in xPDO::getService @ /home/e/e5ash/e5ash.net/public_html/core/xpdo/xpdo.class.php : 1234) modRestClient::__construct is deprecated since version 2.3.0. Use the modRest classes instead.
[2020-07-12 08:37:40] (ERROR in modRestCurlClient::__construct @ /home/e/e5ash/e5ash.net/public_html/core/model/modx/rest/modrestcurlclient.class.php : 26) modRestClient::__construct is deprecated since version 2.3.0. Use the modRest classes instead.
[2020-07-12 08:37:42] (ERROR in xPDO::getService @ /home/e/e5ash/e5ash.net/public_html/core/xpdo/xpdo.class.php : 1234) modRestClient::__construct is deprecated since version 2.3.0. Use the modRest classes instead.
[2020-07-12 08:37:42] (ERROR in modRestCurlClient::__construct @ /home/e/e5ash/e5ash.net/public_html/core/model/modx/rest/modrestcurlclient.class.php : 26) modRestClient::__construct is deprecated since version 2.3.0. Use the modRest classes instead.
[2020-07-12 08:37:56] (ERROR in xPDO::getService @ /home/e/e5ash/e5ash.net/public_html/core/xpdo/xpdo.class.php : 1234) modRestClient::__construct is deprecated since version 2.3.0. Use the modRest classes instead.
[2020-07-12 08:37:56] (ERROR in modRestCurlClient::__construct @ /home/e/e5ash/e5ash.net/public_html/core/model/modx/rest/modrestcurlclient.class.php : 26) modRestClient::__construct is deprecated since version 2.3.0. Use the modRest classes instead.
[2020-07-12 08:37:56] (ERROR in xPDO::getService @ /home/e/e5ash/e5ash.net/public_html/core/xpdo/xpdo.class.php : 1234) modRestClient::__construct is deprecated since version 2.3.0. Use the modRest classes instead.
[2020-07-12 08:37:56] (ERROR in modRestCurlClient::__construct @ /home/e/e5ash/e5ash.net/public_html/core/model/modx/rest/modrestcurlclient.class.php : 26) modRestClient::__construct is deprecated since version 2.3.0. Use the modRest classes instead.
[2020-07-12 08:38:05] (ERROR in xPDO::getService @ /home/e/e5ash/e5ash.net/public_html/core/xpdo/xpdo.class.php : 1234) modRestClient::__construct is deprecated since version 2.3.0. Use the modRest classes instead.
[2020-07-12 08:38:05] (ERROR in modRestCurlClient::__construct @ /home/e/e5ash/e5ash.net/public_html/core/model/modx/rest/modrestcurlclient.class.php : 26) modRestClient::__construct is deprecated since version 2.3.0. Use the modRest classes instead.
[2020-07-12 08:38:16] (ERROR in xPDO::getService @ /home/e/e5ash/e5ash.net/public_html/core/xpdo/xpdo.class.php : 1234) modRestClient::__construct is deprecated since version 2.3.0. Use the modRest classes instead.
[2020-07-12 08:38:16] (ERROR in modRestCurlClient::__construct @ /home/e/e5ash/e5ash.net/public_html/core/model/modx/rest/modrestcurlclient.class.php : 26) modRestClient::__construct is deprecated since version 2.3.0. Use the modRest classes instead.
[2020-07-12 08:38:26] (ERROR in xPDO::getService @ /home/e/e5ash/e5ash.net/public_html/core/xpdo/xpdo.class.php : 1234) modRestClient::__construct is deprecated since version 2.3.0. Use the modRest classes instead.
[2020-07-12 08:38:26] (ERROR in modRestCurlClient::__construct @ /home/e/e5ash/e5ash.net/public_html/core/model/modx/rest/modrestcurlclient.class.php : 26) modRestClient::__construct is deprecated since version 2.3.0. Use the modRest classes instead.
[2020-07-12 08:38:26] (ERROR in xPDO::getService @ /home/e/e5ash/e5ash.net/public_html/core/xpdo/xpdo.class.php : 1234) modRestClient::__construct is deprecated since version 2.3.0. Use the modRest classes instead.
[2020-07-12 08:38:26] (ERROR in modRestCurlClient::__construct @ /home/e/e5ash/e5ash.net/public_html/core/model/modx/rest/modrestcurlclient.class.php : 26) modRestClient::__construct is deprecated since version 2.3.0. Use the modRest classes instead.
[2020-07-12 09:30:52] (ERROR in xPDO::getService @ /home/e/e5ash/e5ash.net/public_html/core/xpdo/xpdo.class.php : 1234) modRestClient::__construct is deprecated since version 2.3.0. Use the modRest classes instead.
[2020-07-12 09:30:52] (ERROR in modRestCurlClient::__construct @ /home/e/e5ash/e5ash.net/public_html/core/model/modx/rest/modrestcurlclient.class.php : 26) modRestClient::__construct is deprecated since version 2.3.0. Use the modRest classes instead.
[2020-07-12 09:30:52] (ERROR in xPDO::getService @ /home/e/e5ash/e5ash.net/public_html/core/xpdo/xpdo.class.php : 1234) modRestClient::__construct is deprecated since version 2.3.0. Use the modRest classes instead.
[2020-07-12 09:30:52] (ERROR in modRestCurlClient::__construct @ /home/e/e5ash/e5ash.net/public_html/core/model/modx/rest/modrestcurlclient.class.php : 26) modRestClient::__construct is deprecated since version 2.3.0. Use the modRest classes instead.
[2020-07-12 09:30:52] (ERROR in xPDO::getService @ /home/e/e5ash/e5ash.net/public_html/core/xpdo/xpdo.class.php : 1234) modRestClient::__construct is deprecated since version 2.3.0. Use the modRest classes instead.
[2020-07-12 09:30:52] (ERROR in modRestCurlClient::__construct @ /home/e/e5ash/e5ash.net/public_html/core/model/modx/rest/modrestcurlclient.class.php : 26) modRestClient::__construct is deprecated since version 2.3.0. Use the modRest classes instead.
[2020-07-12 09:35:12] (ERROR @ /home/e/e5ash/e5ash.net/public_html/core/model/modx/modx.class.php : 1031) `[[*title]]` is not a valid integer and may not be passed to makeUrl()
[2020-07-12 09:35:12] (ERROR in resource 3 @ /home/e/e5ash/e5ash.net/public_html/core/model/modx/modparser.class.php : 1374) Bad link tag `[[~[[*title]]]]` encountered
[2020-07-12 09:35:12] (ERROR @ /home/e/e5ash/e5ash.net/public_html/core/model/modx/modx.class.php : 1031) `[[*title]]` is not a valid integer and may not be passed to makeUrl()
[2020-07-12 09:35:12] (ERROR in resource 3 @ /home/e/e5ash/e5ash.net/public_html/core/model/modx/modparser.class.php : 1374) Bad link tag `[[~[[*title]]]]` encountered
[2020-07-12 09:35:12] (ERROR @ /home/e/e5ash/e5ash.net/public_html/core/model/modx/modx.class.php : 1031) `[[*title]]` is not a valid integer and may not be passed to makeUrl()
[2020-07-12 09:35:12] (ERROR in resource 3 @ /home/e/e5ash/e5ash.net/public_html/core/model/modx/modparser.class.php : 1374) Bad link tag `[[~[[*title]]]]` encountered
[2020-07-12 09:35:12] (ERROR @ /home/e/e5ash/e5ash.net/public_html/core/model/modx/modx.class.php : 1031) `[[*title]]` is not a valid integer and may not be passed to makeUrl()
[2020-07-12 09:35:12] (ERROR in resource 3 @ /home/e/e5ash/e5ash.net/public_html/core/model/modx/modparser.class.php : 1374) Bad link tag `[[~[[*title]]]]` encountered
[2020-07-12 09:35:17] (ERROR @ /home/e/e5ash/e5ash.net/public_html/core/model/modx/modx.class.php : 1031) `[[+title]]` is not a valid integer and may not be passed to makeUrl()
[2020-07-12 09:35:17] (ERROR in resource 3 @ /home/e/e5ash/e5ash.net/public_html/core/model/modx/modparser.class.php : 1374) Bad link tag `[[~[[+title]]]]` encountered
[2020-07-12 09:35:17] (ERROR @ /home/e/e5ash/e5ash.net/public_html/core/model/modx/modx.class.php : 1031) `[[+title]]` is not a valid integer and may not be passed to makeUrl()
[2020-07-12 09:35:17] (ERROR in resource 3 @ /home/e/e5ash/e5ash.net/public_html/core/model/modx/modparser.class.php : 1374) Bad link tag `[[~[[+title]]]]` encountered
[2020-07-12 09:35:17] (ERROR @ /home/e/e5ash/e5ash.net/public_html/core/model/modx/modx.class.php : 1031) `[[+title]]` is not a valid integer and may not be passed to makeUrl()
[2020-07-12 09:35:17] (ERROR in resource 3 @ /home/e/e5ash/e5ash.net/public_html/core/model/modx/modparser.class.php : 1374) Bad link tag `[[~[[+title]]]]` encountered
[2020-07-12 09:35:17] (ERROR @ /home/e/e5ash/e5ash.net/public_html/core/model/modx/modx.class.php : 1031) `[[+title]]` is not a valid integer and may not be passed to makeUrl()
[2020-07-12 09:35:17] (ERROR in resource 3 @ /home/e/e5ash/e5ash.net/public_html/core/model/modx/modparser.class.php : 1374) Bad link tag `[[~[[+title]]]]` encountered
[2020-07-12 09:35:18] (ERROR @ /home/e/e5ash/e5ash.net/public_html/core/model/modx/modx.class.php : 1031) `[[+title]]` is not a valid integer and may not be passed to makeUrl()
[2020-07-12 09:35:18] (ERROR in resource 3 @ /home/e/e5ash/e5ash.net/public_html/core/model/modx/modparser.class.php : 1374) Bad link tag `[[~[[+title]]]]` encountered
[2020-07-12 09:35:18] (ERROR @ /home/e/e5ash/e5ash.net/public_html/core/model/modx/modx.class.php : 1031) `[[+title]]` is not a valid integer and may not be passed to makeUrl()
[2020-07-12 09:35:18] (ERROR in resource 3 @ /home/e/e5ash/e5ash.net/public_html/core/model/modx/modparser.class.php : 1374) Bad link tag `[[~[[+title]]]]` encountered
[2020-07-12 09:35:18] (ERROR @ /home/e/e5ash/e5ash.net/public_html/core/model/modx/modx.class.php : 1031) `[[+title]]` is not a valid integer and may not be passed to makeUrl()
[2020-07-12 09:35:18] (ERROR in resource 3 @ /home/e/e5ash/e5ash.net/public_html/core/model/modx/modparser.class.php : 1374) Bad link tag `[[~[[+title]]]]` encountered
[2020-07-12 09:35:18] (ERROR @ /home/e/e5ash/e5ash.net/public_html/core/model/modx/modx.class.php : 1031) `[[+title]]` is not a valid integer and may not be passed to makeUrl()
[2020-07-12 09:35:18] (ERROR in resource 3 @ /home/e/e5ash/e5ash.net/public_html/core/model/modx/modparser.class.php : 1374) Bad link tag `[[~[[+title]]]]` encountered
[2020-07-12 09:35:36] (ERROR @ /home/e/e5ash/e5ash.net/public_html/core/model/modx/modx.class.php : 1031) `Ученые рассказали о случае излечения от ВИЧ` is not a valid integer and may not be passed to makeUrl()
[2020-07-12 09:35:36] (ERROR in resource 3 @ /home/e/e5ash/e5ash.net/public_html/core/model/modx/modparser.class.php : 1374) Bad link tag `[[~Ученые рассказали о случае излечения от ВИЧ]]` encountered
[2020-07-12 09:35:36] (ERROR @ /home/e/e5ash/e5ash.net/public_html/core/model/modx/modx.class.php : 1031) `ФСБ задержала советника главы Роскосмоса` is not a valid integer and may not be passed to makeUrl()
[2020-07-12 09:35:36] (ERROR in resource 3 @ /home/e/e5ash/e5ash.net/public_html/core/model/modx/modparser.class.php : 1374) Bad link tag `[[~ФСБ задержала советника главы Роскосмоса]]` encountered
[2020-07-12 09:35:36] (ERROR @ /home/e/e5ash/e5ash.net/public_html/core/model/modx/modx.class.php : 1031) `Ученый рассказал о радиации на Луне и Марсе` is not a valid integer and may not be passed to makeUrl()
[2020-07-12 09:35:36] (ERROR in resource 3 @ /home/e/e5ash/e5ash.net/public_html/core/model/modx/modparser.class.php : 1374) Bad link tag `[[~Ученый рассказал о радиации на Луне и Марсе]]` encountered
[2020-07-12 09:35:36] (ERROR @ /home/e/e5ash/e5ash.net/public_html/core/model/modx/modx.class.php : 1031) `Россиян предупредили о новых вирусах из Китая` is not a valid integer and may not be passed to makeUrl()
[2020-07-12 09:35:36] (ERROR in resource 3 @ /home/e/e5ash/e5ash.net/public_html/core/model/modx/modparser.class.php : 1374) Bad link tag `[[~Россиян предупредили о новых вирусах из Китая]]` encountered
[2020-07-12 09:35:37] (ERROR @ /home/e/e5ash/e5ash.net/public_html/core/model/modx/modx.class.php : 1031) `Ученые рассказали о случае излечения от ВИЧ` is not a valid integer and may not be passed to makeUrl()
[2020-07-12 09:35:37] (ERROR in resource 3 @ /home/e/e5ash/e5ash.net/public_html/core/model/modx/modparser.class.php : 1374) Bad link tag `[[~Ученые рассказали о случае излечения от ВИЧ]]` encountered
[2020-07-12 09:35:37] (ERROR @ /home/e/e5ash/e5ash.net/public_html/core/model/modx/modx.class.php : 1031) `ФСБ задержала советника главы Роскосмоса` is not a valid integer and may not be passed to makeUrl()
[2020-07-12 09:35:37] (ERROR in resource 3 @ /home/e/e5ash/e5ash.net/public_html/core/model/modx/modparser.class.php : 1374) Bad link tag `[[~ФСБ задержала советника главы Роскосмоса]]` encountered
[2020-07-12 09:35:37] (ERROR @ /home/e/e5ash/e5ash.net/public_html/core/model/modx/modx.class.php : 1031) `Ученый рассказал о радиации на Луне и Марсе` is not a valid integer and may not be passed to makeUrl()
[2020-07-12 09:35:37] (ERROR in resource 3 @ /home/e/e5ash/e5ash.net/public_html/core/model/modx/modparser.class.php : 1374) Bad link tag `[[~Ученый рассказал о радиации на Луне и Марсе]]` encountered
[2020-07-12 09:35:37] (ERROR @ /home/e/e5ash/e5ash.net/public_html/core/model/modx/modx.class.php : 1031) `Россиян предупредили о новых вирусах из Китая` is not a valid integer and may not be passed to makeUrl()
[2020-07-12 09:35:37] (ERROR in resource 3 @ /home/e/e5ash/e5ash.net/public_html/core/model/modx/modparser.class.php : 1374) Bad link tag `[[~Россиян предупредили о новых вирусах из Китая]]` encountered
[2020-07-12 09:35:42] (ERROR @ /home/e/e5ash/e5ash.net/public_html/core/model/modx/modx.class.php : 1031) `Новости` is not a valid integer and may not be passed to makeUrl()
[2020-07-12 09:35:42] (ERROR in resource 3 @ /home/e/e5ash/e5ash.net/public_html/core/model/modx/modparser.class.php : 1374) Bad link tag `[[~Новости]]` encountered
[2020-07-12 09:35:42] (ERROR @ /home/e/e5ash/e5ash.net/public_html/core/model/modx/modx.class.php : 1031) `Новости` is not a valid integer and may not be passed to makeUrl()
[2020-07-12 09:35:42] (ERROR in resource 3 @ /home/e/e5ash/e5ash.net/public_html/core/model/modx/modparser.class.php : 1374) Bad link tag `[[~Новости]]` encountered
[2020-07-12 09:35:42] (ERROR @ /home/e/e5ash/e5ash.net/public_html/core/model/modx/modx.class.php : 1031) `Новости` is not a valid integer and may not be passed to makeUrl()
[2020-07-12 09:35:42] (ERROR in resource 3 @ /home/e/e5ash/e5ash.net/public_html/core/model/modx/modparser.class.php : 1374) Bad link tag `[[~Новости]]` encountered
[2020-07-12 09:35:42] (ERROR @ /home/e/e5ash/e5ash.net/public_html/core/model/modx/modx.class.php : 1031) `Новости` is not a valid integer and may not be passed to makeUrl()
[2020-07-12 09:35:42] (ERROR in resource 3 @ /home/e/e5ash/e5ash.net/public_html/core/model/modx/modparser.class.php : 1374) Bad link tag `[[~Новости]]` encountered
[2020-07-12 09:35:51] (ERROR @ /home/e/e5ash/e5ash.net/public_html/core/model/modx/modx.class.php : 1031) `Ученые рассказали о случае излечения от ВИЧ` is not a valid integer and may not be passed to makeUrl()
[2020-07-12 09:35:51] (ERROR in resource 3 @ /home/e/e5ash/e5ash.net/public_html/core/model/modx/modparser.class.php : 1374) Bad link tag `[[~Ученые рассказали о случае излечения от ВИЧ]]` encountered
[2020-07-12 09:35:51] (ERROR @ /home/e/e5ash/e5ash.net/public_html/core/model/modx/modx.class.php : 1031) `ФСБ задержала советника главы Роскосмоса` is not a valid integer and may not be passed to makeUrl()
[2020-07-12 09:35:51] (ERROR in resource 3 @ /home/e/e5ash/e5ash.net/public_html/core/model/modx/modparser.class.php : 1374) Bad link tag `[[~ФСБ задержала советника главы Роскосмоса]]` encountered
[2020-07-12 09:35:51] (ERROR @ /home/e/e5ash/e5ash.net/public_html/core/model/modx/modx.class.php : 1031) `Ученый рассказал о радиации на Луне и Марсе` is not a valid integer and may not be passed to makeUrl()
[2020-07-12 09:35:51] (ERROR in resource 3 @ /home/e/e5ash/e5ash.net/public_html/core/model/modx/modparser.class.php : 1374) Bad link tag `[[~Ученый рассказал о радиации на Луне и Марсе]]` encountered
[2020-07-12 09:35:51] (ERROR @ /home/e/e5ash/e5ash.net/public_html/core/model/modx/modx.class.php : 1031) `Россиян предупредили о новых вирусах из Китая` is not a valid integer and may not be passed to makeUrl()
[2020-07-12 09:35:51] (ERROR in resource 3 @ /home/e/e5ash/e5ash.net/public_html/core/model/modx/modparser.class.php : 1374) Bad link tag `[[~Россиян предупредили о новых вирусах из Китая]]` encountered
[2020-07-12 09:36:08] (ERROR @ /home/e/e5ash/e5ash.net/public_html/core/model/modx/modx.class.php : 1031) `Ученые рассказали о случае излечения от ВИЧ` is not a valid integer and may not be passed to makeUrl()
[2020-07-12 09:36:08] (ERROR in resource 3 @ /home/e/e5ash/e5ash.net/public_html/core/model/modx/modparser.class.php : 1374) Bad link tag `[[~Ученые рассказали о случае излечения от ВИЧ]]` encountered
[2020-07-12 09:36:08] (ERROR @ /home/e/e5ash/e5ash.net/public_html/core/model/modx/modx.class.php : 1031) `[[+id` is not a valid integer and may not be passed to makeUrl()
[2020-07-12 09:36:08] (ERROR in resource 3 @ /home/e/e5ash/e5ash.net/public_html/core/model/modx/modparser.class.php : 1374) Bad link tag `[[~[[+id]]` encountered
[2020-07-12 09:36:08] (ERROR @ /home/e/e5ash/e5ash.net/public_html/core/model/modx/modx.class.php : 1031) `Ученые рассказали о случае излечения от ВИЧ` is not a valid integer and may not be passed to makeUrl()
[2020-07-12 09:36:08] (ERROR in resource 3 @ /home/e/e5ash/e5ash.net/public_html/core/model/modx/modparser.class.php : 1374) Bad link tag `[[~Ученые рассказали о случае излечения от ВИЧ]]` encountered
[2020-07-12 09:36:08] (ERROR @ /home/e/e5ash/e5ash.net/public_html/core/model/modx/modx.class.php : 1031) `[[+id` is not a valid integer and may not be passed to makeUrl()
[2020-07-12 09:36:08] (ERROR in resource 3 @ /home/e/e5ash/e5ash.net/public_html/core/model/modx/modparser.class.php : 1374) Bad link tag `[[~[[+id]]` encountered
[2020-07-12 09:36:08] (ERROR @ /home/e/e5ash/e5ash.net/public_html/core/model/modx/modx.class.php : 1031) `[[+]]')"></div>
	</div>
	<div class="news__content">
		<div class="news__data row">
			<div class="news__subtitle"></div>
			<div class="news__date">12 / July / 2020</div>
		</div>
		<div class="news__text"></div>
		<a class="news__btn btn --blue" href="` is not a valid integer and may not be passed to makeUrl()
[2020-07-12 09:36:08] (ERROR in resource 3 @ /home/e/e5ash/e5ash.net/public_html/core/model/modx/modparser.class.php : 1374) Bad link tag `[[~[[+]]')"></div>
	</div>
	<div class="news__content">
		<div class="news__data row">
			<div class="news__subtitle"></div>
			<div class="news__date">12 / July / 2020</div>
		</div>
		<div class="news__text"></div>
		<a class="news__btn btn --blue" href="]]` encountered
[2020-07-12 09:36:08] (ERROR @ /home/e/e5ash/e5ash.net/public_html/core/model/modx/modx.class.php : 1031) `ФСБ задержала советника главы Роскосмоса` is not a valid integer and may not be passed to makeUrl()
[2020-07-12 09:36:08] (ERROR in resource 3 @ /home/e/e5ash/e5ash.net/public_html/core/model/modx/modparser.class.php : 1374) Bad link tag `[[~ФСБ задержала советника главы Роскосмоса]]` encountered
[2020-07-12 09:36:08] (ERROR @ /home/e/e5ash/e5ash.net/public_html/core/model/modx/modx.class.php : 1031) `[[+id` is not a valid integer and may not be passed to makeUrl()
[2020-07-12 09:36:08] (ERROR in resource 3 @ /home/e/e5ash/e5ash.net/public_html/core/model/modx/modparser.class.php : 1374) Bad link tag `[[~[[+id]]` encountered
[2020-07-12 09:36:08] (ERROR @ /home/e/e5ash/e5ash.net/public_html/core/model/modx/modx.class.php : 1031) `ФСБ задержала советника главы Роскосмоса` is not a valid integer and may not be passed to makeUrl()
[2020-07-12 09:36:08] (ERROR in resource 3 @ /home/e/e5ash/e5ash.net/public_html/core/model/modx/modparser.class.php : 1374) Bad link tag `[[~ФСБ задержала советника главы Роскосмоса]]` encountered
[2020-07-12 09:36:08] (ERROR @ /home/e/e5ash/e5ash.net/public_html/core/model/modx/modx.class.php : 1031) `[[+id` is not a valid integer and may not be passed to makeUrl()
[2020-07-12 09:36:08] (ERROR in resource 3 @ /home/e/e5ash/e5ash.net/public_html/core/model/modx/modparser.class.php : 1374) Bad link tag `[[~[[+id]]` encountered
[2020-07-12 09:36:08] (ERROR @ /home/e/e5ash/e5ash.net/public_html/core/model/modx/modx.class.php : 1031) `[[+]]')"></div>
	</div>
	<div class="news__content">
		<div class="news__data row">
			<div class="news__subtitle"></div>
			<div class="news__date">12 / July / 2020</div>
		</div>
		<div class="news__text"></div>
		<a class="news__btn btn --blue" href="` is not a valid integer and may not be passed to makeUrl()
[2020-07-12 09:36:08] (ERROR in resource 3 @ /home/e/e5ash/e5ash.net/public_html/core/model/modx/modparser.class.php : 1374) Bad link tag `[[~[[+]]')"></div>
	</div>
	<div class="news__content">
		<div class="news__data row">
			<div class="news__subtitle"></div>
			<div class="news__date">12 / July / 2020</div>
		</div>
		<div class="news__text"></div>
		<a class="news__btn btn --blue" href="]]` encountered
[2020-07-12 09:36:08] (ERROR @ /home/e/e5ash/e5ash.net/public_html/core/model/modx/modx.class.php : 1031) `Ученый рассказал о радиации на Луне и Марсе` is not a valid integer and may not be passed to makeUrl()
[2020-07-12 09:36:08] (ERROR in resource 3 @ /home/e/e5ash/e5ash.net/public_html/core/model/modx/modparser.class.php : 1374) Bad link tag `[[~Ученый рассказал о радиации на Луне и Марсе]]` encountered
[2020-07-12 09:36:08] (ERROR @ /home/e/e5ash/e5ash.net/public_html/core/model/modx/modx.class.php : 1031) `[[+id` is not a valid integer and may not be passed to makeUrl()
[2020-07-12 09:36:08] (ERROR in resource 3 @ /home/e/e5ash/e5ash.net/public_html/core/model/modx/modparser.class.php : 1374) Bad link tag `[[~[[+id]]` encountered
[2020-07-12 09:36:08] (ERROR @ /home/e/e5ash/e5ash.net/public_html/core/model/modx/modx.class.php : 1031) `Ученый рассказал о радиации на Луне и Марсе` is not a valid integer and may not be passed to makeUrl()
[2020-07-12 09:36:08] (ERROR in resource 3 @ /home/e/e5ash/e5ash.net/public_html/core/model/modx/modparser.class.php : 1374) Bad link tag `[[~Ученый рассказал о радиации на Луне и Марсе]]` encountered
[2020-07-12 09:36:08] (ERROR @ /home/e/e5ash/e5ash.net/public_html/core/model/modx/modx.class.php : 1031) `[[+id` is not a valid integer and may not be passed to makeUrl()
[2020-07-12 09:36:08] (ERROR in resource 3 @ /home/e/e5ash/e5ash.net/public_html/core/model/modx/modparser.class.php : 1374) Bad link tag `[[~[[+id]]` encountered
[2020-07-12 09:36:08] (ERROR @ /home/e/e5ash/e5ash.net/public_html/core/model/modx/modx.class.php : 1031) `[[+]]')"></div>
	</div>
	<div class="news__content">
		<div class="news__data row">
			<div class="news__subtitle"></div>
			<div class="news__date">12 / July / 2020</div>
		</div>
		<div class="news__text"></div>
		<a class="news__btn btn --blue" href="` is not a valid integer and may not be passed to makeUrl()
[2020-07-12 09:36:08] (ERROR in resource 3 @ /home/e/e5ash/e5ash.net/public_html/core/model/modx/modparser.class.php : 1374) Bad link tag `[[~[[+]]')"></div>
	</div>
	<div class="news__content">
		<div class="news__data row">
			<div class="news__subtitle"></div>
			<div class="news__date">12 / July / 2020</div>
		</div>
		<div class="news__text"></div>
		<a class="news__btn btn --blue" href="]]` encountered
[2020-07-12 09:36:08] (ERROR @ /home/e/e5ash/e5ash.net/public_html/core/model/modx/modx.class.php : 1031) `Россиян предупредили о новых вирусах из Китая` is not a valid integer and may not be passed to makeUrl()
[2020-07-12 09:36:08] (ERROR in resource 3 @ /home/e/e5ash/e5ash.net/public_html/core/model/modx/modparser.class.php : 1374) Bad link tag `[[~Россиян предупредили о новых вирусах из Китая]]` encountered
[2020-07-12 09:36:08] (ERROR @ /home/e/e5ash/e5ash.net/public_html/core/model/modx/modx.class.php : 1031) `[[+id` is not a valid integer and may not be passed to makeUrl()
[2020-07-12 09:36:08] (ERROR in resource 3 @ /home/e/e5ash/e5ash.net/public_html/core/model/modx/modparser.class.php : 1374) Bad link tag `[[~[[+id]]` encountered
[2020-07-12 09:36:08] (ERROR @ /home/e/e5ash/e5ash.net/public_html/core/model/modx/modx.class.php : 1031) `Россиян предупредили о новых вирусах из Китая` is not a valid integer and may not be passed to makeUrl()
[2020-07-12 09:36:08] (ERROR in resource 3 @ /home/e/e5ash/e5ash.net/public_html/core/model/modx/modparser.class.php : 1374) Bad link tag `[[~Россиян предупредили о новых вирусах из Китая]]` encountered
[2020-07-12 09:36:08] (ERROR @ /home/e/e5ash/e5ash.net/public_html/core/model/modx/modx.class.php : 1031) `[[+id` is not a valid integer and may not be passed to makeUrl()
[2020-07-12 09:36:08] (ERROR in resource 3 @ /home/e/e5ash/e5ash.net/public_html/core/model/modx/modparser.class.php : 1374) Bad link tag `[[~[[+id]]` encountered
[2020-07-12 09:36:08] (ERROR @ /home/e/e5ash/e5ash.net/public_html/core/model/modx/modx.class.php : 1031) `[[+]]')"></div>
	</div>
	<div class="news__content">
		<div class="news__data row">
			<div class="news__subtitle"></div>
			<div class="news__date">12 / July / 2020</div>
		</div>
		<div class="news__text"></div>
		<a class="news__btn btn --blue" href="` is not a valid integer and may not be passed to makeUrl()
[2020-07-12 09:36:08] (ERROR in resource 3 @ /home/e/e5ash/e5ash.net/public_html/core/model/modx/modparser.class.php : 1374) Bad link tag `[[~[[+]]')"></div>
	</div>
	<div class="news__content">
		<div class="news__data row">
			<div class="news__subtitle"></div>
			<div class="news__date">12 / July / 2020</div>
		</div>
		<div class="news__text"></div>
		<a class="news__btn btn --blue" href="]]` encountered
[2020-07-12 09:36:38] (ERROR @ /home/e/e5ash/e5ash.net/public_html/core/model/modx/modx.class.php : 1031) `[[+*image]]` is not a valid integer and may not be passed to makeUrl()
[2020-07-12 09:36:38] (ERROR in resource 3 @ /home/e/e5ash/e5ash.net/public_html/core/model/modx/modparser.class.php : 1374) Bad link tag `[[~[[+*image]]]]` encountered
[2020-07-12 09:36:38] (ERROR @ /home/e/e5ash/e5ash.net/public_html/core/model/modx/modx.class.php : 1031) `Ученые рассказали о случае излечения от ВИЧ` is not a valid integer and may not be passed to makeUrl()
[2020-07-12 09:36:38] (ERROR in resource 3 @ /home/e/e5ash/e5ash.net/public_html/core/model/modx/modparser.class.php : 1374) Bad link tag `[[~Ученые рассказали о случае излечения от ВИЧ]]` encountered
[2020-07-12 09:36:38] (ERROR @ /home/e/e5ash/e5ash.net/public_html/core/model/modx/modx.class.php : 1031) `[[+*image]]` is not a valid integer and may not be passed to makeUrl()
[2020-07-12 09:36:38] (ERROR in resource 3 @ /home/e/e5ash/e5ash.net/public_html/core/model/modx/modparser.class.php : 1374) Bad link tag `[[~[[+*image]]]]` encountered
[2020-07-12 09:36:38] (ERROR @ /home/e/e5ash/e5ash.net/public_html/core/model/modx/modx.class.php : 1031) `ФСБ задержала советника главы Роскосмоса` is not a valid integer and may not be passed to makeUrl()
[2020-07-12 09:36:38] (ERROR in resource 3 @ /home/e/e5ash/e5ash.net/public_html/core/model/modx/modparser.class.php : 1374) Bad link tag `[[~ФСБ задержала советника главы Роскосмоса]]` encountered
[2020-07-12 09:36:38] (ERROR @ /home/e/e5ash/e5ash.net/public_html/core/model/modx/modx.class.php : 1031) `[[+*image]]` is not a valid integer and may not be passed to makeUrl()
[2020-07-12 09:36:38] (ERROR in resource 3 @ /home/e/e5ash/e5ash.net/public_html/core/model/modx/modparser.class.php : 1374) Bad link tag `[[~[[+*image]]]]` encountered
[2020-07-12 09:36:38] (ERROR @ /home/e/e5ash/e5ash.net/public_html/core/model/modx/modx.class.php : 1031) `Ученый рассказал о радиации на Луне и Марсе` is not a valid integer and may not be passed to makeUrl()
[2020-07-12 09:36:38] (ERROR in resource 3 @ /home/e/e5ash/e5ash.net/public_html/core/model/modx/modparser.class.php : 1374) Bad link tag `[[~Ученый рассказал о радиации на Луне и Марсе]]` encountered
[2020-07-12 09:36:38] (ERROR @ /home/e/e5ash/e5ash.net/public_html/core/model/modx/modx.class.php : 1031) `[[+*image]]` is not a valid integer and may not be passed to makeUrl()
[2020-07-12 09:36:38] (ERROR in resource 3 @ /home/e/e5ash/e5ash.net/public_html/core/model/modx/modparser.class.php : 1374) Bad link tag `[[~[[+*image]]]]` encountered
[2020-07-12 09:36:38] (ERROR @ /home/e/e5ash/e5ash.net/public_html/core/model/modx/modx.class.php : 1031) `Россиян предупредили о новых вирусах из Китая` is not a valid integer and may not be passed to makeUrl()
[2020-07-12 09:36:38] (ERROR in resource 3 @ /home/e/e5ash/e5ash.net/public_html/core/model/modx/modparser.class.php : 1374) Bad link tag `[[~Россиян предупредили о новых вирусах из Китая]]` encountered
[2020-07-12 09:36:43] (ERROR @ /home/e/e5ash/e5ash.net/public_html/core/model/modx/modx.class.php : 1031) `[[+image]]` is not a valid integer and may not be passed to makeUrl()
[2020-07-12 09:36:43] (ERROR in resource 3 @ /home/e/e5ash/e5ash.net/public_html/core/model/modx/modparser.class.php : 1374) Bad link tag `[[~[[+image]]]]` encountered
[2020-07-12 09:36:43] (ERROR @ /home/e/e5ash/e5ash.net/public_html/core/model/modx/modx.class.php : 1031) `Ученые рассказали о случае излечения от ВИЧ` is not a valid integer and may not be passed to makeUrl()
[2020-07-12 09:36:43] (ERROR in resource 3 @ /home/e/e5ash/e5ash.net/public_html/core/model/modx/modparser.class.php : 1374) Bad link tag `[[~Ученые рассказали о случае излечения от ВИЧ]]` encountered
[2020-07-12 09:36:44] (ERROR @ /home/e/e5ash/e5ash.net/public_html/core/model/modx/modx.class.php : 1031) `[[+image]]` is not a valid integer and may not be passed to makeUrl()
[2020-07-12 09:36:44] (ERROR in resource 3 @ /home/e/e5ash/e5ash.net/public_html/core/model/modx/modparser.class.php : 1374) Bad link tag `[[~[[+image]]]]` encountered
[2020-07-12 09:36:44] (ERROR @ /home/e/e5ash/e5ash.net/public_html/core/model/modx/modx.class.php : 1031) `ФСБ задержала советника главы Роскосмоса` is not a valid integer and may not be passed to makeUrl()
[2020-07-12 09:36:44] (ERROR in resource 3 @ /home/e/e5ash/e5ash.net/public_html/core/model/modx/modparser.class.php : 1374) Bad link tag `[[~ФСБ задержала советника главы Роскосмоса]]` encountered
[2020-07-12 09:36:44] (ERROR @ /home/e/e5ash/e5ash.net/public_html/core/model/modx/modx.class.php : 1031) `[[+image]]` is not a valid integer and may not be passed to makeUrl()
[2020-07-12 09:36:44] (ERROR in resource 3 @ /home/e/e5ash/e5ash.net/public_html/core/model/modx/modparser.class.php : 1374) Bad link tag `[[~[[+image]]]]` encountered
[2020-07-12 09:36:44] (ERROR @ /home/e/e5ash/e5ash.net/public_html/core/model/modx/modx.class.php : 1031) `Ученый рассказал о радиации на Луне и Марсе` is not a valid integer and may not be passed to makeUrl()
[2020-07-12 09:36:44] (ERROR in resource 3 @ /home/e/e5ash/e5ash.net/public_html/core/model/modx/modparser.class.php : 1374) Bad link tag `[[~Ученый рассказал о радиации на Луне и Марсе]]` encountered
[2020-07-12 09:36:44] (ERROR @ /home/e/e5ash/e5ash.net/public_html/core/model/modx/modx.class.php : 1031) `[[+image]]` is not a valid integer and may not be passed to makeUrl()
[2020-07-12 09:36:44] (ERROR in resource 3 @ /home/e/e5ash/e5ash.net/public_html/core/model/modx/modparser.class.php : 1374) Bad link tag `[[~[[+image]]]]` encountered
[2020-07-12 09:36:44] (ERROR @ /home/e/e5ash/e5ash.net/public_html/core/model/modx/modx.class.php : 1031) `Россиян предупредили о новых вирусах из Китая` is not a valid integer and may not be passed to makeUrl()
[2020-07-12 09:36:44] (ERROR in resource 3 @ /home/e/e5ash/e5ash.net/public_html/core/model/modx/modparser.class.php : 1374) Bad link tag `[[~Россиян предупредили о новых вирусах из Китая]]` encountered
[2020-07-12 09:36:45] (ERROR @ /home/e/e5ash/e5ash.net/public_html/core/model/modx/modx.class.php : 1031) `[[+image]]` is not a valid integer and may not be passed to makeUrl()
[2020-07-12 09:36:45] (ERROR in resource 3 @ /home/e/e5ash/e5ash.net/public_html/core/model/modx/modparser.class.php : 1374) Bad link tag `[[~[[+image]]]]` encountered
[2020-07-12 09:36:45] (ERROR @ /home/e/e5ash/e5ash.net/public_html/core/model/modx/modx.class.php : 1031) `Ученые рассказали о случае излечения от ВИЧ` is not a valid integer and may not be passed to makeUrl()
[2020-07-12 09:36:45] (ERROR in resource 3 @ /home/e/e5ash/e5ash.net/public_html/core/model/modx/modparser.class.php : 1374) Bad link tag `[[~Ученые рассказали о случае излечения от ВИЧ]]` encountered
[2020-07-12 09:36:45] (ERROR @ /home/e/e5ash/e5ash.net/public_html/core/model/modx/modx.class.php : 1031) `[[+image]]` is not a valid integer and may not be passed to makeUrl()
[2020-07-12 09:36:45] (ERROR in resource 3 @ /home/e/e5ash/e5ash.net/public_html/core/model/modx/modparser.class.php : 1374) Bad link tag `[[~[[+image]]]]` encountered
[2020-07-12 09:36:45] (ERROR @ /home/e/e5ash/e5ash.net/public_html/core/model/modx/modx.class.php : 1031) `ФСБ задержала советника главы Роскосмоса` is not a valid integer and may not be passed to makeUrl()
[2020-07-12 09:36:45] (ERROR in resource 3 @ /home/e/e5ash/e5ash.net/public_html/core/model/modx/modparser.class.php : 1374) Bad link tag `[[~ФСБ задержала советника главы Роскосмоса]]` encountered
[2020-07-12 09:36:45] (ERROR @ /home/e/e5ash/e5ash.net/public_html/core/model/modx/modx.class.php : 1031) `[[+image]]` is not a valid integer and may not be passed to makeUrl()
[2020-07-12 09:36:45] (ERROR in resource 3 @ /home/e/e5ash/e5ash.net/public_html/core/model/modx/modparser.class.php : 1374) Bad link tag `[[~[[+image]]]]` encountered
[2020-07-12 09:36:45] (ERROR @ /home/e/e5ash/e5ash.net/public_html/core/model/modx/modx.class.php : 1031) `Ученый рассказал о радиации на Луне и Марсе` is not a valid integer and may not be passed to makeUrl()
[2020-07-12 09:36:45] (ERROR in resource 3 @ /home/e/e5ash/e5ash.net/public_html/core/model/modx/modparser.class.php : 1374) Bad link tag `[[~Ученый рассказал о радиации на Луне и Марсе]]` encountered
[2020-07-12 09:36:45] (ERROR @ /home/e/e5ash/e5ash.net/public_html/core/model/modx/modx.class.php : 1031) `[[+image]]` is not a valid integer and may not be passed to makeUrl()
[2020-07-12 09:36:45] (ERROR in resource 3 @ /home/e/e5ash/e5ash.net/public_html/core/model/modx/modparser.class.php : 1374) Bad link tag `[[~[[+image]]]]` encountered
[2020-07-12 09:36:45] (ERROR @ /home/e/e5ash/e5ash.net/public_html/core/model/modx/modx.class.php : 1031) `Россиян предупредили о новых вирусах из Китая` is not a valid integer and may not be passed to makeUrl()
[2020-07-12 09:36:45] (ERROR in resource 3 @ /home/e/e5ash/e5ash.net/public_html/core/model/modx/modparser.class.php : 1374) Bad link tag `[[~Россиян предупредили о новых вирусах из Китая]]` encountered
[2020-07-12 09:36:50] (ERROR in resource 3 @ /home/e/e5ash/e5ash.net/public_html/core/model/modx/modparser.class.php : 1374) Bad link tag `[[~]]` encountered
[2020-07-12 09:36:50] (ERROR @ /home/e/e5ash/e5ash.net/public_html/core/model/modx/modx.class.php : 1031) `Ученые рассказали о случае излечения от ВИЧ` is not a valid integer and may not be passed to makeUrl()
[2020-07-12 09:36:50] (ERROR in resource 3 @ /home/e/e5ash/e5ash.net/public_html/core/model/modx/modparser.class.php : 1374) Bad link tag `[[~Ученые рассказали о случае излечения от ВИЧ]]` encountered
[2020-07-12 09:36:50] (ERROR in resource 3 @ /home/e/e5ash/e5ash.net/public_html/core/model/modx/modparser.class.php : 1374) Bad link tag `[[~]]` encountered
[2020-07-12 09:36:50] (ERROR in resource 3 @ /home/e/e5ash/e5ash.net/public_html/core/model/modx/modparser.class.php : 1374) Bad link tag `[[~]]` encountered
[2020-07-12 09:36:50] (ERROR @ /home/e/e5ash/e5ash.net/public_html/core/model/modx/modx.class.php : 1031) `ФСБ задержала советника главы Роскосмоса` is not a valid integer and may not be passed to makeUrl()
[2020-07-12 09:36:50] (ERROR in resource 3 @ /home/e/e5ash/e5ash.net/public_html/core/model/modx/modparser.class.php : 1374) Bad link tag `[[~ФСБ задержала советника главы Роскосмоса]]` encountered
[2020-07-12 09:36:50] (ERROR in resource 3 @ /home/e/e5ash/e5ash.net/public_html/core/model/modx/modparser.class.php : 1374) Bad link tag `[[~]]` encountered
[2020-07-12 09:36:50] (ERROR in resource 3 @ /home/e/e5ash/e5ash.net/public_html/core/model/modx/modparser.class.php : 1374) Bad link tag `[[~]]` encountered
[2020-07-12 09:36:50] (ERROR @ /home/e/e5ash/e5ash.net/public_html/core/model/modx/modx.class.php : 1031) `Ученый рассказал о радиации на Луне и Марсе` is not a valid integer and may not be passed to makeUrl()
[2020-07-12 09:36:50] (ERROR in resource 3 @ /home/e/e5ash/e5ash.net/public_html/core/model/modx/modparser.class.php : 1374) Bad link tag `[[~Ученый рассказал о радиации на Луне и Марсе]]` encountered
[2020-07-12 09:36:50] (ERROR in resource 3 @ /home/e/e5ash/e5ash.net/public_html/core/model/modx/modparser.class.php : 1374) Bad link tag `[[~]]` encountered
[2020-07-12 09:36:50] (ERROR in resource 3 @ /home/e/e5ash/e5ash.net/public_html/core/model/modx/modparser.class.php : 1374) Bad link tag `[[~]]` encountered
[2020-07-12 09:36:50] (ERROR @ /home/e/e5ash/e5ash.net/public_html/core/model/modx/modx.class.php : 1031) `Россиян предупредили о новых вирусах из Китая` is not a valid integer and may not be passed to makeUrl()
[2020-07-12 09:36:50] (ERROR in resource 3 @ /home/e/e5ash/e5ash.net/public_html/core/model/modx/modparser.class.php : 1374) Bad link tag `[[~Россиян предупредили о новых вирусах из Китая]]` encountered
[2020-07-12 09:36:50] (ERROR in resource 3 @ /home/e/e5ash/e5ash.net/public_html/core/model/modx/modparser.class.php : 1374) Bad link tag `[[~]]` encountered
[2020-07-12 09:36:50] (ERROR in resource 3 @ /home/e/e5ash/e5ash.net/public_html/core/model/modx/modparser.class.php : 1374) Bad link tag `[[~]]` encountered
[2020-07-12 09:36:50] (ERROR in resource 3 @ /home/e/e5ash/e5ash.net/public_html/core/model/modx/modparser.class.php : 1374) Bad link tag `[[~]]` encountered
[2020-07-12 09:36:50] (ERROR in resource 3 @ /home/e/e5ash/e5ash.net/public_html/core/model/modx/modparser.class.php : 1374) Bad link tag `[[~]]` encountered
[2020-07-12 09:36:50] (ERROR in resource 3 @ /home/e/e5ash/e5ash.net/public_html/core/model/modx/modparser.class.php : 1374) Bad link tag `[[~]]` encountered
[2020-07-12 09:36:50] (ERROR in resource 3 @ /home/e/e5ash/e5ash.net/public_html/core/model/modx/modparser.class.php : 1374) Bad link tag `[[~]]` encountered
[2020-07-12 09:36:50] (ERROR in resource 3 @ /home/e/e5ash/e5ash.net/public_html/core/model/modx/modparser.class.php : 1374) Bad link tag `[[~]]` encountered
[2020-07-12 09:36:50] (ERROR in resource 3 @ /home/e/e5ash/e5ash.net/public_html/core/model/modx/modparser.class.php : 1374) Bad link tag `[[~]]` encountered
[2020-07-12 09:36:50] (ERROR in resource 3 @ /home/e/e5ash/e5ash.net/public_html/core/model/modx/modparser.class.php : 1374) Bad link tag `[[~]]` encountered
[2020-07-12 09:36:50] (ERROR in resource 3 @ /home/e/e5ash/e5ash.net/public_html/core/model/modx/modparser.class.php : 1374) Bad link tag `[[~]]` encountered
[2020-07-12 09:36:50] (ERROR in resource 3 @ /home/e/e5ash/e5ash.net/public_html/core/model/modx/modparser.class.php : 1374) Bad link tag `[[~]]` encountered
[2020-07-12 09:36:50] (ERROR in resource 3 @ /home/e/e5ash/e5ash.net/public_html/core/model/modx/modparser.class.php : 1374) Bad link tag `[[~]]` encountered
[2020-07-12 09:36:50] (ERROR in resource 3 @ /home/e/e5ash/e5ash.net/public_html/core/model/modx/modparser.class.php : 1374) Bad link tag `[[~]]` encountered
[2020-07-12 09:37:12] (ERROR @ /home/e/e5ash/e5ash.net/public_html/core/model/modx/modx.class.php : 1031) `[[+id.image]]` is not a valid integer and may not be passed to makeUrl()
[2020-07-12 09:37:12] (ERROR in resource 3 @ /home/e/e5ash/e5ash.net/public_html/core/model/modx/modparser.class.php : 1374) Bad link tag `[[~[[+id.image]]]]` encountered
[2020-07-12 09:37:12] (ERROR @ /home/e/e5ash/e5ash.net/public_html/core/model/modx/modx.class.php : 1031) `Ученые рассказали о случае излечения от ВИЧ` is not a valid integer and may not be passed to makeUrl()
[2020-07-12 09:37:12] (ERROR in resource 3 @ /home/e/e5ash/e5ash.net/public_html/core/model/modx/modparser.class.php : 1374) Bad link tag `[[~Ученые рассказали о случае излечения от ВИЧ]]` encountered
[2020-07-12 09:37:12] (ERROR @ /home/e/e5ash/e5ash.net/public_html/core/model/modx/modx.class.php : 1031) `[[+id.image]]` is not a valid integer and may not be passed to makeUrl()
[2020-07-12 09:37:12] (ERROR in resource 3 @ /home/e/e5ash/e5ash.net/public_html/core/model/modx/modparser.class.php : 1374) Bad link tag `[[~[[+id.image]]]]` encountered
[2020-07-12 09:37:12] (ERROR @ /home/e/e5ash/e5ash.net/public_html/core/model/modx/modx.class.php : 1031) `ФСБ задержала советника главы Роскосмоса` is not a valid integer and may not be passed to makeUrl()
[2020-07-12 09:37:12] (ERROR in resource 3 @ /home/e/e5ash/e5ash.net/public_html/core/model/modx/modparser.class.php : 1374) Bad link tag `[[~ФСБ задержала советника главы Роскосмоса]]` encountered
[2020-07-12 09:37:12] (ERROR @ /home/e/e5ash/e5ash.net/public_html/core/model/modx/modx.class.php : 1031) `[[+id.image]]` is not a valid integer and may not be passed to makeUrl()
[2020-07-12 09:37:12] (ERROR in resource 3 @ /home/e/e5ash/e5ash.net/public_html/core/model/modx/modparser.class.php : 1374) Bad link tag `[[~[[+id.image]]]]` encountered
[2020-07-12 09:37:12] (ERROR @ /home/e/e5ash/e5ash.net/public_html/core/model/modx/modx.class.php : 1031) `Ученый рассказал о радиации на Луне и Марсе` is not a valid integer and may not be passed to makeUrl()
[2020-07-12 09:37:12] (ERROR in resource 3 @ /home/e/e5ash/e5ash.net/public_html/core/model/modx/modparser.class.php : 1374) Bad link tag `[[~Ученый рассказал о радиации на Луне и Марсе]]` encountered
[2020-07-12 09:37:12] (ERROR @ /home/e/e5ash/e5ash.net/public_html/core/model/modx/modx.class.php : 1031) `[[+id.image]]` is not a valid integer and may not be passed to makeUrl()
[2020-07-12 09:37:12] (ERROR in resource 3 @ /home/e/e5ash/e5ash.net/public_html/core/model/modx/modparser.class.php : 1374) Bad link tag `[[~[[+id.image]]]]` encountered
[2020-07-12 09:37:12] (ERROR @ /home/e/e5ash/e5ash.net/public_html/core/model/modx/modx.class.php : 1031) `Россиян предупредили о новых вирусах из Китая` is not a valid integer and may not be passed to makeUrl()
[2020-07-12 09:37:12] (ERROR in resource 3 @ /home/e/e5ash/e5ash.net/public_html/core/model/modx/modparser.class.php : 1374) Bad link tag `[[~Россиян предупредили о новых вирусах из Китая]]` encountered
[2020-07-12 09:37:21] (ERROR @ /home/e/e5ash/e5ash.net/public_html/core/model/modx/modx.class.php : 1031) `Ученые рассказали о случае излечения от ВИЧ` is not a valid integer and may not be passed to makeUrl()
[2020-07-12 09:37:21] (ERROR in resource 3 @ /home/e/e5ash/e5ash.net/public_html/core/model/modx/modparser.class.php : 1374) Bad link tag `[[~Ученые рассказали о случае излечения от ВИЧ]]` encountered
[2020-07-12 09:37:21] (ERROR @ /home/e/e5ash/e5ash.net/public_html/core/model/modx/modx.class.php : 1031) `ФСБ задержала советника главы Роскосмоса` is not a valid integer and may not be passed to makeUrl()
[2020-07-12 09:37:21] (ERROR in resource 3 @ /home/e/e5ash/e5ash.net/public_html/core/model/modx/modparser.class.php : 1374) Bad link tag `[[~ФСБ задержала советника главы Роскосмоса]]` encountered
[2020-07-12 09:37:21] (ERROR @ /home/e/e5ash/e5ash.net/public_html/core/model/modx/modx.class.php : 1031) `Ученый рассказал о радиации на Луне и Марсе` is not a valid integer and may not be passed to makeUrl()
[2020-07-12 09:37:21] (ERROR in resource 3 @ /home/e/e5ash/e5ash.net/public_html/core/model/modx/modparser.class.php : 1374) Bad link tag `[[~Ученый рассказал о радиации на Луне и Марсе]]` encountered
[2020-07-12 09:37:21] (ERROR @ /home/e/e5ash/e5ash.net/public_html/core/model/modx/modx.class.php : 1031) `Россиян предупредили о новых вирусах из Китая` is not a valid integer and may not be passed to makeUrl()
[2020-07-12 09:37:21] (ERROR in resource 3 @ /home/e/e5ash/e5ash.net/public_html/core/model/modx/modparser.class.php : 1374) Bad link tag `[[~Россиян предупредили о новых вирусах из Китая]]` encountered
[2020-07-12 09:37:55] (ERROR @ /home/e/e5ash/e5ash.net/public_html/core/model/modx/modx.class.php : 1031) `[[+image]]` is not a valid integer and may not be passed to makeUrl()
[2020-07-12 09:37:55] (ERROR in resource 3 @ /home/e/e5ash/e5ash.net/public_html/core/model/modx/modparser.class.php : 1374) Bad link tag `[[~[[+image]]]]` encountered
[2020-07-12 09:37:55] (ERROR @ /home/e/e5ash/e5ash.net/public_html/core/model/modx/modx.class.php : 1031) `Ученые рассказали о случае излечения от ВИЧ` is not a valid integer and may not be passed to makeUrl()
[2020-07-12 09:37:55] (ERROR in resource 3 @ /home/e/e5ash/e5ash.net/public_html/core/model/modx/modparser.class.php : 1374) Bad link tag `[[~Ученые рассказали о случае излечения от ВИЧ]]` encountered
[2020-07-12 09:37:55] (ERROR @ /home/e/e5ash/e5ash.net/public_html/core/model/modx/modx.class.php : 1031) `[[+image]]` is not a valid integer and may not be passed to makeUrl()
[2020-07-12 09:37:55] (ERROR in resource 3 @ /home/e/e5ash/e5ash.net/public_html/core/model/modx/modparser.class.php : 1374) Bad link tag `[[~[[+image]]]]` encountered
[2020-07-12 09:37:55] (ERROR @ /home/e/e5ash/e5ash.net/public_html/core/model/modx/modx.class.php : 1031) `ФСБ задержала советника главы Роскосмоса` is not a valid integer and may not be passed to makeUrl()
[2020-07-12 09:37:55] (ERROR in resource 3 @ /home/e/e5ash/e5ash.net/public_html/core/model/modx/modparser.class.php : 1374) Bad link tag `[[~ФСБ задержала советника главы Роскосмоса]]` encountered
[2020-07-12 09:37:55] (ERROR @ /home/e/e5ash/e5ash.net/public_html/core/model/modx/modx.class.php : 1031) `[[+image]]` is not a valid integer and may not be passed to makeUrl()
[2020-07-12 09:37:55] (ERROR in resource 3 @ /home/e/e5ash/e5ash.net/public_html/core/model/modx/modparser.class.php : 1374) Bad link tag `[[~[[+image]]]]` encountered
[2020-07-12 09:37:55] (ERROR @ /home/e/e5ash/e5ash.net/public_html/core/model/modx/modx.class.php : 1031) `Ученый рассказал о радиации на Луне и Марсе` is not a valid integer and may not be passed to makeUrl()
[2020-07-12 09:37:55] (ERROR in resource 3 @ /home/e/e5ash/e5ash.net/public_html/core/model/modx/modparser.class.php : 1374) Bad link tag `[[~Ученый рассказал о радиации на Луне и Марсе]]` encountered
[2020-07-12 09:37:55] (ERROR @ /home/e/e5ash/e5ash.net/public_html/core/model/modx/modx.class.php : 1031) `[[+image]]` is not a valid integer and may not be passed to makeUrl()
[2020-07-12 09:37:55] (ERROR in resource 3 @ /home/e/e5ash/e5ash.net/public_html/core/model/modx/modparser.class.php : 1374) Bad link tag `[[~[[+image]]]]` encountered
[2020-07-12 09:37:55] (ERROR @ /home/e/e5ash/e5ash.net/public_html/core/model/modx/modx.class.php : 1031) `Россиян предупредили о новых вирусах из Китая` is not a valid integer and may not be passed to makeUrl()
[2020-07-12 09:37:55] (ERROR in resource 3 @ /home/e/e5ash/e5ash.net/public_html/core/model/modx/modparser.class.php : 1374) Bad link tag `[[~Россиян предупредили о новых вирусах из Китая]]` encountered
[2020-07-12 09:38:37] (ERROR @ /home/e/e5ash/e5ash.net/public_html/core/model/modx/modx.class.php : 1031) `[[+image]]` is not a valid integer and may not be passed to makeUrl()
[2020-07-12 09:38:37] (ERROR in resource 3 @ /home/e/e5ash/e5ash.net/public_html/core/model/modx/modparser.class.php : 1374) Bad link tag `[[~[[+image]]]]` encountered
[2020-07-12 09:38:37] (ERROR @ /home/e/e5ash/e5ash.net/public_html/core/model/modx/modx.class.php : 1031) `[[+image]]` is not a valid integer and may not be passed to makeUrl()
[2020-07-12 09:38:37] (ERROR in resource 3 @ /home/e/e5ash/e5ash.net/public_html/core/model/modx/modparser.class.php : 1374) Bad link tag `[[~[[+image]]]]` encountered
[2020-07-12 09:38:37] (ERROR @ /home/e/e5ash/e5ash.net/public_html/core/model/modx/modx.class.php : 1031) `[[+image]]` is not a valid integer and may not be passed to makeUrl()
[2020-07-12 09:38:37] (ERROR in resource 3 @ /home/e/e5ash/e5ash.net/public_html/core/model/modx/modparser.class.php : 1374) Bad link tag `[[~[[+image]]]]` encountered
[2020-07-12 09:38:37] (ERROR @ /home/e/e5ash/e5ash.net/public_html/core/model/modx/modx.class.php : 1031) `[[+image]]` is not a valid integer and may not be passed to makeUrl()
[2020-07-12 09:38:37] (ERROR in resource 3 @ /home/e/e5ash/e5ash.net/public_html/core/model/modx/modparser.class.php : 1374) Bad link tag `[[~[[+image]]]]` encountered
[2020-07-12 09:41:19] (ERROR @ /home/e/e5ash/e5ash.net/public_html/core/model/modx/modcachemanager.class.php : 349) Error caching lexicon topic lexicon/en/core/default
[2020-07-12 10:05:01] (ERROR @ /home/e/e5ash/e5ash.net/public_html/core/components/formit/src/FormIt/Hook/Email.php : 322) [FormIt] Произошла ошибка при попытке отправить почту. Не отослано, неправильный формат email адреса:  (punyEncode) 234234
[2020-07-12 10:05:30] (ERROR @ /home/e/e5ash/e5ash.net/public_html/core/components/formit/src/FormIt/Hook/Email.php : 322) [FormIt] Произошла ошибка при попытке отправить почту. Не отослано, неправильный формат email адреса:  (punyEncode) 3
[2020-07-12 10:06:23] (ERROR @ /home/e/e5ash/e5ash.net/public_html/core/components/formit/src/FormIt/Hook/Email.php : 322) [FormIt] Произошла ошибка при попытке отправить почту. Не отослано, неправильный формат email адреса:  (punyEncode) 2
[2020-07-12 10:07:57] (ERROR @ /home/e/e5ash/e5ash.net/public_html/core/components/formit/src/FormIt/Hook/Email.php : 322) [FormIt] Произошла ошибка при попытке отправить почту. Не отослано, неправильный формат email адреса:  (punyEncode) 1
[2020-07-12 10:10:58] (ERROR @ /home/e/e5ash/e5ash.net/public_html/core/components/formit/src/FormIt/Hook/Email.php : 322) [FormIt] Произошла ошибка при попытке отправить почту. Не отослано, неправильный формат email адреса:  (punyEncode) 1
